2023-09-20 13:58:26,818 [BombeRLeWorld] INFO: Initializing game world
2023-09-20 13:58:36,116 [BombeRLeWorld] INFO: STARTING ROUND #1
2023-09-20 13:58:36,138 [BombeRLeWorld] INFO: STARTING STEP 1
2023-09-20 13:58:36,171 [BombeRLeWorld] INFO: Agent <connor> chose action BOMB in 0.03s.
2023-09-20 13:58:36,172 [BombeRLeWorld] INFO: Agent <connor> stayed within acceptable think time.
2023-09-20 13:58:36,172 [BombeRLeWorld] INFO: Agent <connor> drops bomb at (1, 1)
2023-09-20 13:58:36,238 [BombeRLeWorld] INFO: STARTING STEP 2
2023-09-20 13:58:36,244 [BombeRLeWorld] INFO: Agent <connor> chose action BOMB in 0.01s.
2023-09-20 13:58:36,244 [BombeRLeWorld] INFO: Agent <connor> stayed within acceptable think time.
2023-09-20 13:58:36,342 [BombeRLeWorld] INFO: STARTING STEP 3
2023-09-20 13:58:36,361 [BombeRLeWorld] INFO: Agent <connor> chose action BOMB in 0.02s.
2023-09-20 13:58:36,361 [BombeRLeWorld] INFO: Agent <connor> stayed within acceptable think time.
2023-09-20 13:58:36,446 [BombeRLeWorld] INFO: STARTING STEP 4
2023-09-20 13:58:36,468 [BombeRLeWorld] INFO: Agent <connor> chose action BOMB in 0.02s.
2023-09-20 13:58:36,468 [BombeRLeWorld] INFO: Agent <connor> stayed within acceptable think time.
2023-09-20 13:58:36,538 [BombeRLeWorld] INFO: STARTING STEP 5
2023-09-20 13:58:36,542 [BombeRLeWorld] INFO: Agent <connor> chose action BOMB in 0.00s.
2023-09-20 13:58:36,542 [BombeRLeWorld] INFO: Agent <connor> stayed within acceptable think time.
2023-09-20 13:58:36,542 [BombeRLeWorld] INFO: Agent <connor>'s bomb at (1, 1) explodes
2023-09-20 13:58:36,542 [BombeRLeWorld] INFO: Agent <connor> blown up by own bomb
2023-09-20 13:58:36,543 [BombeRLeWorld] INFO: No agent left alive, wrap up round
2023-09-20 13:58:36,543 [BombeRLeWorld] INFO: WRAPPING UP ROUND #1
