2023-08-05 17:29:10,285 [BombeRLeWorld] INFO: Initializing game world
2023-08-05 17:29:11,390 [BombeRLeWorld] INFO: STARTING ROUND #1
2023-08-05 17:29:11,399 [BombeRLeWorld] INFO: STARTING STEP 1
2023-08-05 17:29:11,402 [BombeRLeWorld] INFO: Agent <baby_terminator> chose action WAIT in 0.00s.
2023-08-05 17:29:11,402 [BombeRLeWorld] INFO: Agent <baby_terminator> stayed within acceptable think time.
2023-08-05 17:29:11,402 [BombeRLeWorld] INFO: Agent <rule_based_agent> chose action RIGHT in 0.00s.
2023-08-05 17:29:11,402 [BombeRLeWorld] INFO: Agent <rule_based_agent> stayed within acceptable think time.
2023-08-05 17:29:11,402 [BombeRLeWorld] INFO: Agent <random_agent> chose action UP in 0.00s.
2023-08-05 17:29:11,402 [BombeRLeWorld] INFO: Agent <random_agent> stayed within acceptable think time.
2023-08-05 17:29:11,402 [BombeRLeWorld] INFO: Agent <peaceful_agent> chose action DOWN in 0.00s.
2023-08-05 17:29:11,402 [BombeRLeWorld] INFO: Agent <peaceful_agent> stayed within acceptable think time.
2023-08-05 17:29:11,496 [BombeRLeWorld] INFO: STARTING STEP 2
2023-08-05 17:29:11,498 [BombeRLeWorld] INFO: Agent <baby_terminator> chose action BOMB in 0.00s.
2023-08-05 17:29:11,498 [BombeRLeWorld] INFO: Agent <baby_terminator> stayed within acceptable think time.
2023-08-05 17:29:11,498 [BombeRLeWorld] INFO: Agent <baby_terminator> drops bomb at (15, 1)
2023-08-05 17:29:11,498 [BombeRLeWorld] INFO: Agent <random_agent> chose action LEFT in 0.00s.
2023-08-05 17:29:11,498 [BombeRLeWorld] INFO: Agent <random_agent> stayed within acceptable think time.
2023-08-05 17:29:11,498 [BombeRLeWorld] INFO: Agent <peaceful_agent> chose action DOWN in 0.00s.
2023-08-05 17:29:11,498 [BombeRLeWorld] INFO: Agent <peaceful_agent> stayed within acceptable think time.
2023-08-05 17:29:11,498 [BombeRLeWorld] INFO: Agent <rule_based_agent> chose action BOMB in 0.00s.
2023-08-05 17:29:11,498 [BombeRLeWorld] INFO: Agent <rule_based_agent> stayed within acceptable think time.
2023-08-05 17:29:11,498 [BombeRLeWorld] INFO: Agent <rule_based_agent> drops bomb at (2, 15)
2023-08-05 17:29:11,596 [BombeRLeWorld] INFO: STARTING STEP 3
2023-08-05 17:29:11,598 [BombeRLeWorld] INFO: Agent <baby_terminator> chose action BOMB in 0.00s.
2023-08-05 17:29:11,598 [BombeRLeWorld] INFO: Agent <baby_terminator> stayed within acceptable think time.
2023-08-05 17:29:11,598 [BombeRLeWorld] INFO: Agent <random_agent> chose action RIGHT in 0.00s.
2023-08-05 17:29:11,598 [BombeRLeWorld] INFO: Agent <random_agent> stayed within acceptable think time.
2023-08-05 17:29:11,598 [BombeRLeWorld] INFO: Agent <peaceful_agent> chose action UP in 0.00s.
2023-08-05 17:29:11,598 [BombeRLeWorld] INFO: Agent <peaceful_agent> stayed within acceptable think time.
2023-08-05 17:29:11,598 [BombeRLeWorld] INFO: Agent <rule_based_agent> chose action LEFT in 0.00s.
2023-08-05 17:29:11,598 [BombeRLeWorld] INFO: Agent <rule_based_agent> stayed within acceptable think time.
2023-08-05 17:29:11,699 [BombeRLeWorld] INFO: STARTING STEP 4
2023-08-05 17:29:11,700 [BombeRLeWorld] INFO: Agent <peaceful_agent> chose action LEFT in 0.00s.
2023-08-05 17:29:11,700 [BombeRLeWorld] INFO: Agent <peaceful_agent> stayed within acceptable think time.
2023-08-05 17:29:11,700 [BombeRLeWorld] INFO: Agent <random_agent> chose action UP in 0.00s.
2023-08-05 17:29:11,700 [BombeRLeWorld] INFO: Agent <random_agent> stayed within acceptable think time.
2023-08-05 17:29:11,700 [BombeRLeWorld] INFO: Agent <rule_based_agent> chose action UP in 0.00s.
2023-08-05 17:29:11,700 [BombeRLeWorld] INFO: Agent <rule_based_agent> stayed within acceptable think time.
2023-08-05 17:29:11,701 [BombeRLeWorld] INFO: Agent <baby_terminator> chose action BOMB in 0.00s.
2023-08-05 17:29:11,701 [BombeRLeWorld] INFO: Agent <baby_terminator> stayed within acceptable think time.
2023-08-05 17:29:11,799 [BombeRLeWorld] INFO: STARTING STEP 5
2023-08-05 17:29:11,800 [BombeRLeWorld] INFO: Agent <random_agent> chose action RIGHT in 0.00s.
2023-08-05 17:29:11,800 [BombeRLeWorld] INFO: Agent <random_agent> stayed within acceptable think time.
2023-08-05 17:29:11,800 [BombeRLeWorld] INFO: Agent <rule_based_agent> chose action DOWN in 0.00s.
2023-08-05 17:29:11,800 [BombeRLeWorld] INFO: Agent <rule_based_agent> stayed within acceptable think time.
2023-08-05 17:29:11,800 [BombeRLeWorld] INFO: Agent <baby_terminator> chose action BOMB in 0.00s.
2023-08-05 17:29:11,800 [BombeRLeWorld] INFO: Agent <baby_terminator> stayed within acceptable think time.
2023-08-05 17:29:11,801 [BombeRLeWorld] INFO: Agent <peaceful_agent> chose action LEFT in 0.00s.
2023-08-05 17:29:11,801 [BombeRLeWorld] INFO: Agent <peaceful_agent> stayed within acceptable think time.
2023-08-05 17:29:11,898 [BombeRLeWorld] INFO: STARTING STEP 6
2023-08-05 17:29:11,900 [BombeRLeWorld] INFO: Agent <random_agent> chose action LEFT in 0.00s.
2023-08-05 17:29:11,900 [BombeRLeWorld] INFO: Agent <random_agent> stayed within acceptable think time.
2023-08-05 17:29:11,900 [BombeRLeWorld] INFO: Agent <peaceful_agent> chose action UP in 0.00s.
2023-08-05 17:29:11,900 [BombeRLeWorld] INFO: Agent <peaceful_agent> stayed within acceptable think time.
2023-08-05 17:29:11,900 [BombeRLeWorld] INFO: Agent <rule_based_agent> chose action UP in 0.00s.
2023-08-05 17:29:11,900 [BombeRLeWorld] INFO: Agent <rule_based_agent> stayed within acceptable think time.
2023-08-05 17:29:11,900 [BombeRLeWorld] INFO: Agent <baby_terminator> chose action UP in 0.00s.
2023-08-05 17:29:11,900 [BombeRLeWorld] INFO: Agent <baby_terminator> stayed within acceptable think time.
2023-08-05 17:29:11,900 [BombeRLeWorld] INFO: Agent <baby_terminator>'s bomb at (15, 1) explodes
2023-08-05 17:29:11,901 [BombeRLeWorld] INFO: Agent <rule_based_agent>'s bomb at (2, 15) explodes
2023-08-05 17:29:11,901 [BombeRLeWorld] INFO: Agent <baby_terminator> blown up by own bomb
2023-08-05 17:29:11,901 [BombeRLeWorld] INFO: No training agent left alive, wrap up round
2023-08-05 17:29:11,901 [BombeRLeWorld] INFO: WRAPPING UP ROUND #1
